<?xml version="1.0" encoding="UTF-8"?>
<testng-results ignored="3" total="4" passed="1" failed="0" skipped="0">
  <reporter-output>
  </reporter-output>
  <suite started-at="2024-12-03T10:34:14 IST" name="Default suite" finished-at="2024-12-03T10:34:23 IST" duration-ms="8447">
    <groups>
    </groups>
    <test started-at="2024-12-03T10:34:14 IST" name="Default test" finished-at="2024-12-03T10:34:23 IST" duration-ms="8447">
      <class name="assignment.november5.AssignmentNovember5">
        <test-method is-config="true" signature="initializeBrowser()[pri:0, instance:assignment.november5.AssignmentNovember5@543588e6]" started-at="2024-12-03T10:34:14 IST" name="initializeBrowser" finished-at="2024-12-03T10:34:18 IST" duration-ms="4042" status="PASS">
          <reporter-output>
          </reporter-output>
        </test-method> <!-- initializeBrowser -->
        <test-method signature="dropdown()[pri:0, instance:assignment.november5.AssignmentNovember5@543588e6]" started-at="2024-12-03T10:34:18 IST" name="dropdown" finished-at="2024-12-03T10:34:23 IST" duration-ms="4375" status="PASS">
          <reporter-output>
          </reporter-output>
        </test-method> <!-- dropdown -->
        <test-method is-config="true" signature="driverQuitAndClose()[pri:0, instance:assignment.november5.AssignmentNovember5@543588e6]" started-at="2024-12-03T10:34:23 IST" name="driverQuitAndClose" finished-at="2024-12-03T10:34:23 IST" duration-ms="0" status="PASS">
          <reporter-output>
          </reporter-output>
        </test-method> <!-- driverQuitAndClose -->
      </class> <!-- assignment.november5.AssignmentNovember5 -->
    </test> <!-- Default test -->
  </suite> <!-- Default suite -->
</testng-results>
