<?xml version="1.0" encoding="UTF-8"?>
<!-- Generated by org.testng.reporters.JUnitXMLReporter -->
<testsuite ignored="3" hostname="Akhil-PC" failures="0" tests="1" name="Default test" time="8.447" errors="0" timestamp="2024-12-03T10:34:23 IST">
  <testcase classname="assignment.november5.AssignmentNovember5" name="dropdown" time="4.375"/>
  <testcase classname="assignment.november5.AssignmentNovember5" name="alertPopup" time="0.0">
    <ignored/>
  </testcase> <!-- alertPopup -->
  <testcase classname="assignment.november5.AssignmentNovember5" name="checkbox" time="0.0">
    <ignored/>
  </testcase> <!-- checkbox -->
  <testcase classname="assignment.november5.AssignmentNovember5" name="radiobutton" time="0.0">
    <ignored/>
  </testcase> <!-- radiobutton -->
</testsuite> <!-- Default test -->
